[1;93m==>[0m Warning: config:terminal_title has been replaced by install_status and is ignored
amphost004.sdcc.bnl.local

Currently Loaded Modules:
  1) python/3.11-anaconda-2023.07   2) openmpi/4.1.5   3) cuda/11.8

 

2024-07-08 13:25:34.708324: I tensorflow/core/util/port.cc:111] oneDNN custom operations are on. You may see slightly different numerical results due to floating-point round-off errors from different computation orders. To turn them off, set the environment variable `TF_ENABLE_ONEDNN_OPTS=0`.
2024-07-08 13:25:36.150306: E tensorflow/compiler/xla/stream_executor/cuda/cuda_dnn.cc:9342] Unable to register cuDNN factory: Attempting to register factory for plugin cuDNN when one has already been registered
2024-07-08 13:25:36.150402: E tensorflow/compiler/xla/stream_executor/cuda/cuda_fft.cc:609] Unable to register cuFFT factory: Attempting to register factory for plugin cuFFT when one has already been registered
2024-07-08 13:25:36.150490: E tensorflow/compiler/xla/stream_executor/cuda/cuda_blas.cc:1518] Unable to register cuBLAS factory: Attempting to register factory for plugin cuBLAS when one has already been registered
2024-07-08 13:25:37.747849: I tensorflow/core/platform/cpu_feature_guard.cc:182] This TensorFlow binary is optimized to use available CPU instructions in performance-critical operations.
To enable the following instructions: AVX2 AVX512F AVX512_VNNI FMA, in other operations, rebuild TensorFlow with the appropriate compiler flags.
2024-07-08 13:25:39.255116: I tensorflow/core/common_runtime/gpu/gpu_device.cc:1886] Created device /job:localhost/replica:0/task:0/device:GPU:0 with 72945 MB memory:  -> device: 0, name: NVIDIA A100-SXM4-80GB, pci bus id: 0000:4b:00.0, compute capability: 8.0
2024-07-08 13:25:39.256756: I tensorflow/core/common_runtime/gpu/gpu_device.cc:1886] Created device /job:localhost/replica:0/task:0/device:GPU:1 with 72945 MB memory:  -> device: 1, name: NVIDIA A100-SXM4-80GB, pci bus id: 0000:65:00.0, compute capability: 8.0
2024-07-08 13:25:39.270987: I tensorflow/core/common_runtime/gpu/gpu_device.cc:1886] Created device /job:localhost/replica:0/task:0/device:GPU:2 with 72945 MB memory:  -> device: 2, name: NVIDIA A100-SXM4-80GB, pci bus id: 0000:ca:00.0, compute capability: 8.0
2024-07-08 13:25:39.272561: I tensorflow/core/common_runtime/gpu/gpu_device.cc:1886] Created device /job:localhost/replica:0/task:0/device:GPU:3 with 72945 MB memory:  -> device: 3, name: NVIDIA A100-SXM4-80GB, pci bus id: 0000:e3:00.0, compute capability: 8.0
2024-07-08 13:25:39.294493: I tensorflow/compiler/mlir/mlir_graph_optimization_pass.cc:382] MLIR V1 optimization pass is not enabled
2024-07-08 13:25:39.536550: I tensorflow/core/common_runtime/gpu/gpu_device.cc:1886] Created device /job:localhost/replica:0/task:0/device:GPU:0 with 72945 MB memory:  -> device: 0, name: NVIDIA A100-SXM4-80GB, pci bus id: 0000:4b:00.0, compute capability: 8.0
2024-07-08 13:25:39.537786: I tensorflow/core/common_runtime/gpu/gpu_device.cc:1886] Created device /job:localhost/replica:0/task:0/device:GPU:1 with 72945 MB memory:  -> device: 1, name: NVIDIA A100-SXM4-80GB, pci bus id: 0000:65:00.0, compute capability: 8.0
2024-07-08 13:25:39.538978: I tensorflow/core/common_runtime/gpu/gpu_device.cc:1886] Created device /job:localhost/replica:0/task:0/device:GPU:2 with 72945 MB memory:  -> device: 2, name: NVIDIA A100-SXM4-80GB, pci bus id: 0000:ca:00.0, compute capability: 8.0
2024-07-08 13:25:39.540160: I tensorflow/core/common_runtime/gpu/gpu_device.cc:1886] Created device /job:localhost/replica:0/task:0/device:GPU:3 with 72945 MB memory:  -> device: 3, name: NVIDIA A100-SXM4-80GB, pci bus id: 0000:e3:00.0, compute capability: 8.0
2024-07-08 13:25:39.614621: I tensorflow/core/common_runtime/gpu/gpu_device.cc:1886] Created device /job:localhost/replica:0/task:0/device:GPU:0 with 72945 MB memory:  -> device: 0, name: NVIDIA A100-SXM4-80GB, pci bus id: 0000:4b:00.0, compute capability: 8.0
2024-07-08 13:25:39.615849: I tensorflow/core/common_runtime/gpu/gpu_device.cc:1886] Created device /job:localhost/replica:0/task:0/device:GPU:1 with 72945 MB memory:  -> device: 1, name: NVIDIA A100-SXM4-80GB, pci bus id: 0000:65:00.0, compute capability: 8.0
2024-07-08 13:25:39.617875: I tensorflow/core/common_runtime/gpu/gpu_device.cc:1886] Created device /job:localhost/replica:0/task:0/device:GPU:2 with 72945 MB memory:  -> device: 2, name: NVIDIA A100-SXM4-80GB, pci bus id: 0000:ca:00.0, compute capability: 8.0
2024-07-08 13:25:39.619054: I tensorflow/core/common_runtime/gpu/gpu_device.cc:1886] Created device /job:localhost/replica:0/task:0/device:GPU:3 with 72945 MB memory:  -> device: 3, name: NVIDIA A100-SXM4-80GB, pci bus id: 0000:e3:00.0, compute capability: 8.0
2024-07-08 13:25:39.690901: I tensorflow/core/common_runtime/gpu/gpu_device.cc:1886] Created device /job:localhost/replica:0/task:0/device:GPU:0 with 72945 MB memory:  -> device: 0, name: NVIDIA A100-SXM4-80GB, pci bus id: 0000:4b:00.0, compute capability: 8.0
2024-07-08 13:25:39.692120: I tensorflow/core/common_runtime/gpu/gpu_device.cc:1886] Created device /job:localhost/replica:0/task:0/device:GPU:1 with 72945 MB memory:  -> device: 1, name: NVIDIA A100-SXM4-80GB, pci bus id: 0000:65:00.0, compute capability: 8.0
2024-07-08 13:25:39.693309: I tensorflow/core/common_runtime/gpu/gpu_device.cc:1886] Created device /job:localhost/replica:0/task:0/device:GPU:2 with 72945 MB memory:  -> device: 2, name: NVIDIA A100-SXM4-80GB, pci bus id: 0000:ca:00.0, compute capability: 8.0
2024-07-08 13:25:39.694483: I tensorflow/core/common_runtime/gpu/gpu_device.cc:1886] Created device /job:localhost/replica:0/task:0/device:GPU:3 with 72945 MB memory:  -> device: 3, name: NVIDIA A100-SXM4-80GB, pci bus id: 0000:e3:00.0, compute capability: 8.0
2024-07-08 13:25:39.765523: I tensorflow/core/common_runtime/gpu/gpu_device.cc:1886] Created device /job:localhost/replica:0/task:0/device:GPU:0 with 72945 MB memory:  -> device: 0, name: NVIDIA A100-SXM4-80GB, pci bus id: 0000:4b:00.0, compute capability: 8.0
2024-07-08 13:25:39.766742: I tensorflow/core/common_runtime/gpu/gpu_device.cc:1886] Created device /job:localhost/replica:0/task:0/device:GPU:1 with 72945 MB memory:  -> device: 1, name: NVIDIA A100-SXM4-80GB, pci bus id: 0000:65:00.0, compute capability: 8.0
2024-07-08 13:25:39.767933: I tensorflow/core/common_runtime/gpu/gpu_device.cc:1886] Created device /job:localhost/replica:0/task:0/device:GPU:2 with 72945 MB memory:  -> device: 2, name: NVIDIA A100-SXM4-80GB, pci bus id: 0000:ca:00.0, compute capability: 8.0
2024-07-08 13:25:39.769109: I tensorflow/core/common_runtime/gpu/gpu_device.cc:1886] Created device /job:localhost/replica:0/task:0/device:GPU:3 with 72945 MB memory:  -> device: 3, name: NVIDIA A100-SXM4-80GB, pci bus id: 0000:e3:00.0, compute capability: 8.0

real	0m26.553s
user	0m14.715s
sys	0m3.200s
2024-07-08 13:25:52.460261: I tensorflow/core/util/port.cc:111] oneDNN custom operations are on. You may see slightly different numerical results due to floating-point round-off errors from different computation orders. To turn them off, set the environment variable `TF_ENABLE_ONEDNN_OPTS=0`.
2024-07-08 13:25:52.492788: E tensorflow/compiler/xla/stream_executor/cuda/cuda_dnn.cc:9342] Unable to register cuDNN factory: Attempting to register factory for plugin cuDNN when one has already been registered
2024-07-08 13:25:52.492840: E tensorflow/compiler/xla/stream_executor/cuda/cuda_fft.cc:609] Unable to register cuFFT factory: Attempting to register factory for plugin cuFFT when one has already been registered
2024-07-08 13:25:52.492867: E tensorflow/compiler/xla/stream_executor/cuda/cuda_blas.cc:1518] Unable to register cuBLAS factory: Attempting to register factory for plugin cuBLAS when one has already been registered

real	1m51.072s
user	1m50.151s
sys	0m0.178s
2024-07-08 13:27:43.528897: I tensorflow/core/util/port.cc:111] oneDNN custom operations are on. You may see slightly different numerical results due to floating-point round-off errors from different computation orders. To turn them off, set the environment variable `TF_ENABLE_ONEDNN_OPTS=0`.
2024-07-08 13:27:43.560699: E tensorflow/compiler/xla/stream_executor/cuda/cuda_dnn.cc:9342] Unable to register cuDNN factory: Attempting to register factory for plugin cuDNN when one has already been registered
2024-07-08 13:27:43.560752: E tensorflow/compiler/xla/stream_executor/cuda/cuda_fft.cc:609] Unable to register cuFFT factory: Attempting to register factory for plugin cuFFT when one has already been registered
2024-07-08 13:27:43.560779: E tensorflow/compiler/xla/stream_executor/cuda/cuda_blas.cc:1518] Unable to register cuBLAS factory: Attempting to register factory for plugin cuBLAS when one has already been registered

real	0m2.182s
user	0m1.690s
sys	0m0.140s
